[0.014s] Invoking command in '/home/qwqb233/ros2Project/controlVrep_ws/build/controlVrep_ws': CMAKE_PREFIX_PATH=${CMAKE_PREFIX_PATH}:/opt/ros/jazzy DEBUGINFOD_URLS=https://debuginfod.ubuntu.com /usr/bin/cmake /home/qwqb233/ros2Project/controlVrep_ws -DCMAKE_INSTALL_PREFIX=/home/qwqb233/ros2Project/controlVrep_ws/install/controlVrep_ws
[0.300s] -- The C compiler identification is GNU 13.3.0
[1.072s] -- The CXX compiler identification is GNU 13.3.0
[1.716s] -- Detecting C compiler ABI info
[2.047s] -- Detecting C compiler ABI info - done
[2.054s] -- Check for working C compiler: /usr/bin/cc - skipped
[2.055s] -- Detecting C compile features
[2.055s] -- Detecting C compile features - done
[2.157s] -- Detecting CXX compiler ABI info
[2.463s] -- Detecting CXX compiler ABI info - done
[2.470s] -- Check for working CXX compiler: /usr/bin/c++ - skipped
[2.471s] -- Detecting CXX compile features
[2.471s] -- Detecting CXX compile features - done
[2.483s] -- Found ament_cmake: 2.5.3 (/opt/ros/jazzy/share/ament_cmake/cmake)
[2.647s] -- Found Python3: /usr/bin/python3 (found version "3.12.3") found components: Interpreter 
[2.770s] -- Found rclcpp: 28.1.6 (/opt/ros/jazzy/share/rclcpp/cmake)
[2.967s] -- Found rosidl_generator_c: 4.6.5 (/opt/ros/jazzy/share/rosidl_generator_c/cmake)
[2.985s] -- Found rosidl_generator_cpp: 4.6.5 (/opt/ros/jazzy/share/rosidl_generator_cpp/cmake)
[3.007s] -- Using all available rosidl_typesupport_c: rosidl_typesupport_fastrtps_c;rosidl_typesupport_introspection_c
[3.029s] -- Using all available rosidl_typesupport_cpp: rosidl_typesupport_fastrtps_cpp;rosidl_typesupport_introspection_cpp
[3.117s] -- Found rmw_implementation_cmake: 7.3.1 (/opt/ros/jazzy/share/rmw_implementation_cmake/cmake)
[3.121s] -- Found rmw_fastrtps_cpp: 8.4.1 (/opt/ros/jazzy/share/rmw_fastrtps_cpp/cmake)
[3.234s] -- Found OpenSSL: /usr/lib/x86_64-linux-gnu/libcrypto.so (found version "3.0.13")  
[3.441s] -- Found FastRTPS: /opt/ros/jazzy/include (Required is at least version "2.13") 
[3.554s] -- Using RMW implementation 'rmw_fastrtps_cpp' as default
[3.771s] -- Found ament_lint_auto: 0.17.1 (/opt/ros/jazzy/share/ament_lint_auto/cmake)
[3.848s] WARNING: Package name "controlVrep_ws" does not follow the naming conventions. It should start with a lower case letter and only contain lower case letters, digits, underscores, and dashes.
[3.899s] -- Added test 'cppcheck' to perform static code analysis on C / C++ code
[3.899s] -- Configured cppcheck include dirs: 
[3.899s] -- Configured cppcheck exclude dirs and/or files: 
[3.903s] -- Added test 'lint_cmake' to check CMake code style
[3.912s] -- Added test 'uncrustify' to check C / C++ code style
[3.912s] -- Configured uncrustify additional arguments: 
[3.914s] -- Added test 'xmllint' to check XML markup files
[3.916s] -- Configuring done (3.9s)
[3.930s] -- Generating done (0.0s)
[3.936s] -- Build files have been written to: /home/qwqb233/ros2Project/controlVrep_ws/build/controlVrep_ws
[3.952s] Invoked command in '/home/qwqb233/ros2Project/controlVrep_ws/build/controlVrep_ws' returned '0': CMAKE_PREFIX_PATH=${CMAKE_PREFIX_PATH}:/opt/ros/jazzy DEBUGINFOD_URLS=https://debuginfod.ubuntu.com /usr/bin/cmake /home/qwqb233/ros2Project/controlVrep_ws -DCMAKE_INSTALL_PREFIX=/home/qwqb233/ros2Project/controlVrep_ws/install/controlVrep_ws
[3.954s] Invoking command in '/home/qwqb233/ros2Project/controlVrep_ws/build/controlVrep_ws': CMAKE_PREFIX_PATH=${CMAKE_PREFIX_PATH}:/opt/ros/jazzy DEBUGINFOD_URLS=https://debuginfod.ubuntu.com /usr/bin/cmake --build /home/qwqb233/ros2Project/controlVrep_ws/build/controlVrep_ws -- -j16 -l16
[4.022s] [ 50%] [32mBuilding CXX object CMakeFiles/controlVrep_ws_node.dir/src/controlVrep_ws_node.cpp.o[0m
[4.033s] [01m[K/home/qwqb233/ros2Project/controlVrep_ws/src/controlVrep_ws_node.cpp:1:10:[m[K [01;31m[Kfatal error: [m[Krclcpp/rclcpp.hpp: No such file or directory
[4.033s]     1 | #include [01;31m[K<rclcpp/rclcpp.hpp>[m[K
[4.033s]       |          [01;31m[K^~~~~~~~~~~~~~~~~~~[m[K
[4.034s] compilation terminated.
[4.035s] gmake[2]: *** [CMakeFiles/controlVrep_ws_node.dir/build.make:76: CMakeFiles/controlVrep_ws_node.dir/src/controlVrep_ws_node.cpp.o] Error 1
[4.035s] gmake[1]: *** [CMakeFiles/Makefile2:137: CMakeFiles/controlVrep_ws_node.dir/all] Error 2
[4.035s] gmake: *** [Makefile:146: all] Error 2
[4.039s] Invoked command in '/home/qwqb233/ros2Project/controlVrep_ws/build/controlVrep_ws' returned '2': CMAKE_PREFIX_PATH=${CMAKE_PREFIX_PATH}:/opt/ros/jazzy DEBUGINFOD_URLS=https://debuginfod.ubuntu.com /usr/bin/cmake --build /home/qwqb233/ros2Project/controlVrep_ws/build/controlVrep_ws -- -j16 -l16
